Sending build context to Docker daemon  49.98MB
Step 1/16 : FROM ubuntu:16.04
 ---> b9e15a5d1e1a
Step 2/16 : RUN apt-get update &&     apt-get upgrade -y &&     apt-get install -y 	git 	sqlite3 	curl 	make build-essential libssl-dev zlib1g-dev libbz2-dev     libreadline-dev libsqlite3-dev wget curl llvm libncurses5-dev libncursesw5-dev     xz-utils tk-dev libffi-dev liblzma-dev nginx
 ---> Using cache
 ---> 27fd36c0bbed
Step 3/16 : RUN curl -L https://github.com/pyenv/pyenv-installer/raw/master/bin/pyenv-installer | bash
 ---> Using cache
 ---> 8ac9eee594eb
Step 4/16 : ARG PY_VERSION
 ---> Using cache
 ---> d6d9f140a355
Step 5/16 : RUN /root/.pyenv/bin/pyenv install $PY_VERSION
 ---> Using cache
 ---> 2feaf9f2f241
Step 6/16 : RUN rm -rf /var/lib/apt/lists/*
 ---> Using cache
 ---> 2a3647cd9a00
Step 7/16 : ENV PATH "/root/.pyenv/versions/$PY_VERSION/bin/:${PATH}"
 ---> Using cache
 ---> 771d8afe5d3e
Step 8/16 : RUN git clone --depth 1 -b 4.1.0 https://github.com/wg/wrk.git /home/wrk &&     make -C /home/wrk > /dev/null
 ---> Using cache
 ---> ef4f36b4234c
Step 9/16 : ARG REQUIREMENTS
 ---> Using cache
 ---> 0995f8894bd4
Step 10/16 : COPY $REQUIREMENTS /home/src/requirements.txt
 ---> Using cache
 ---> f91b12809b2c
Step 11/16 : RUN pip install -r /home/src/requirements.txt
 ---> Using cache
 ---> de7b5c352340
Step 12/16 : ARG SRC_DIR
 ---> Using cache
 ---> d6f2bfd2892c
Step 13/16 : COPY $SRC_DIR /home/src/
 ---> Using cache
 ---> e5db0172658b
Step 14/16 : RUN mv /home/src/db.sqlite3 /home
 ---> Using cache
 ---> 43d84680a062
Step 15/16 : WORKDIR /home/src/
 ---> Using cache
 ---> c8d0e24cb7b8
Step 16/16 : ENTRYPOINT /home/src/run.sh
 ---> Using cache
 ---> c3316e18274d
Successfully built c3316e18274d
Successfully tagged py37:latest
.....................
django_template: Mean +- std dev: 131 ms +- 7 ms
.....................
WARNING: the benchmark result may be unstable
* the standard deviation (2.00 ms) is 15% of the mean (13.2 ms)
* the maximum (20.0 ms) is 51% greater than the mean (13.2 ms)

Try to rerun the benchmark with more runs, values and/or loops.
Run 'python -m perf system tune' command to reduce the system jitter.
Use perf stats, perf dump and perf hist to analyze results.
Use --quiet option to hide these warnings.

python_startup: Mean +- std dev: 13.2 ms +- 2.0 ms
.....................
json_loads: Mean +- std dev: 556 us +- 30 us
.....................
json_loads: Mean +- std dev: 277 us +- 19 us
.....................
regex_v8: Mean +- std dev: 36.1 ms +- 1.6 ms
.....................
Total duration: 10.9 sec
Start date: 2018-09-10 06:24:07
End date: 2018-09-10 06:24:23
Raw value minimum: 122 ms
Raw value maximum: 157 ms

Number of calibration run: 1
Number of run with values: 20
Total number of run: 21

Number of warmup per run: 1
Number of value per run: 3
Loop iterations per value: 1024
Total number of values: 60

Minimum:         119 us
Median +- MAD:   122 us +- 1 us
Mean +- std dev: 123 us +- 5 us
Maximum:         153 us

  0th percentile: 119 us (-3% of the mean) -- minimum
  5th percentile: 119 us (-3% of the mean)
 25th percentile: 121 us (-2% of the mean) -- Q1
 50th percentile: 122 us (-1% of the mean) -- median
 75th percentile: 122 us (-0% of the mean) -- Q3
 95th percentile: 129 us (+5% of the mean)
100th percentile: 153 us (+25% of the mean) -- maximum

Number of outlier (out of 118 us..125 us): 4

bench_django_ping: Mean +- std dev: 123 us +- 5 us
IN_MEMORY_DB True
IN_MEMORY_DB True
.IN_MEMORY_DB True
.IN_MEMORY_DB True
.IN_MEMORY_DB True
.
Total duration: 2.3 sec
Start date: 2018-09-10 06:24:43
End date: 2018-09-10 06:25:16
Raw value minimum: 124 ms
Raw value maximum: 152 ms

Number of calibration run: 1
Number of run with values: 3
Total number of run: 4

Number of warmup per run: 1
Number of value per run: 3
Loop iterations per value: 128
Total number of values: 9

Minimum:         972 us
Median +- MAD:   1.03 ms +- 0.06 ms
Mean +- std dev: 1.03 ms +- 0.07 ms
Maximum:         1.19 ms

  0th percentile: 972 us (-6% of the mean) -- minimum
  5th percentile: 973 us (-6% of the mean)
 25th percentile: 976 us (-5% of the mean) -- Q1
 50th percentile: 1.03 ms (-0% of the mean) -- median
 75th percentile: 1.04 ms (+1% of the mean) -- Q3
 95th percentile: 1.15 ms (+11% of the mean)
100th percentile: 1.19 ms (+15% of the mean) -- maximum

Number of outlier (out of 877 us..1140 us): 1

bench_django_post: Mean +- std dev: 1.03 ms +- 0.07 ms
IN_MEMORY_DB True
IN_MEMORY_DB True
.IN_MEMORY_DB True
.IN_MEMORY_DB True
.IN_MEMORY_DB True
.
Total duration: 2.0 sec
Start date: 2018-09-10 06:25:36
End date: 2018-09-10 06:26:09
Raw value minimum: 115 ms
Raw value maximum: 117 ms

Number of calibration run: 1
Number of run with values: 3
Total number of run: 4

Number of warmup per run: 1
Number of value per run: 3
Loop iterations per value: 128
Total number of values: 9

Minimum:         897 us
Median +- MAD:   902 us +- 3 us
Mean +- std dev: 902 us +- 4 us
Maximum:         911 us

  0th percentile: 897 us (-1% of the mean) -- minimum
  5th percentile: 897 us (-1% of the mean)
 25th percentile: 899 us (-0% of the mean) -- Q1
 50th percentile: 902 us (+0% of the mean) -- median
 75th percentile: 903 us (+0% of the mean) -- Q3
 95th percentile: 908 us (+1% of the mean)
100th percentile: 911 us (+1% of the mean) -- maximum

Number of outlier (out of 893 us..910 us): 1

bench_django_get: Mean +- std dev: 902 us +- 4 us
IN_MEMORY_DB True
IN_MEMORY_DB True
.IN_MEMORY_DB True
.IN_MEMORY_DB True
.IN_MEMORY_DB True
.
Total duration: 2.3 sec
Start date: 2018-09-10 06:26:29
End date: 2018-09-10 06:27:02
Raw value minimum: 125 ms
Raw value maximum: 129 ms

Number of calibration run: 1
Number of run with values: 3
Total number of run: 4

Number of warmup per run: 1
Number of value per run: 3
Loop iterations per value: 64
Total number of values: 9

Minimum:         1.95 ms
Median +- MAD:   1.96 ms +- 0.01 ms
Mean +- std dev: 1.97 ms +- 0.02 ms
Maximum:         2.01 ms

  0th percentile: 1.95 ms (-1% of the mean) -- minimum
  5th percentile: 1.95 ms (-1% of the mean)
 25th percentile: 1.96 ms (-1% of the mean) -- Q1
 50th percentile: 1.96 ms (-0% of the mean) -- median
 75th percentile: 1.98 ms (+1% of the mean) -- Q3
 95th percentile: 2.00 ms (+2% of the mean)
100th percentile: 2.01 ms (+2% of the mean) -- maximum

Number of outlier (out of 1.92 ms..2.02 ms): 0

bench_django_post_get: Mean +- std dev: 1.97 ms +- 0.02 ms
